2025-12-12 13:53:45,401 [INFO] === System Configuration ===
2025-12-12 13:53:45,480 [INFO] OS: Windows 11
2025-12-12 13:53:45,481 [INFO] OS Version: 10.0.26100
2025-12-12 13:53:45,481 [INFO] Screen Resolution: 
2025-12-12 13:53:45,481 [INFO] Test Start Time: 2025-12-12 13:53:45.481212
2025-12-12 13:53:45,481 [INFO] ============================
2025-12-12 13:53:45,481 [INFO] Starting Microsoft To Do - Create List and Add Tasks Test
2025-12-12 13:53:45,481 [INFO] Target List Name: 'My Shopping List'
2025-12-12 13:53:45,481 [INFO] Task 1: 'Buy groceries for dinner'
2025-12-12 13:53:45,483 [INFO] Task 2: 'Pick up package from post office'
2025-12-12 13:53:45,484 [INFO] ============================================================
2025-12-12 13:53:45,484 [INFO] Step 1: Connecting to Microsoft To Do application...
2025-12-12 13:53:48,602 [INFO] Successfully connected to Microsoft To Do
2025-12-12 13:53:49,445 [INFO] Initial screenshot saved: screenshots\test_create_list_and_add_tasks_initial_20251212_135348.png
2025-12-12 13:53:49,445 [INFO] ============================================================
2025-12-12 13:53:49,446 [INFO] Step 2: Clicking on 'New List' button in left pane...
2025-12-12 13:53:51,584 [INFO] Successfully clicked 'New List' button (Method 1: AddListButton)
2025-12-12 13:53:52,226 [INFO] Screenshot after New List click saved: screenshots\test_create_list_and_add_tasks_new_list_clicked_20251212_135351.png
2025-12-12 13:53:52,226 [INFO] ============================================================
2025-12-12 13:53:52,226 [INFO] Step 3: Editing list name to 'My Shopping List'...
2025-12-12 13:53:56,923 [INFO] Successfully edited list name to 'My Shopping List'
2025-12-12 13:53:56,924 [INFO] EXPECTED RESULT VERIFIED: User can edit the name of list successfully - PASSED
2025-12-12 13:53:57,446 [INFO] Screenshot after list rename saved: screenshots\test_create_list_and_add_tasks_list_renamed_20251212_135356.png
2025-12-12 13:53:57,447 [INFO] ============================================================
2025-12-12 13:53:57,447 [INFO] Step 4: Adding first task 'Buy groceries for dinner'...
2025-12-12 13:54:01,440 [INFO] Successfully added first task: 'Buy groceries for dinner'
2025-12-12 13:54:01,441 [INFO] EXPECTED RESULT VERIFIED: User can add a to-do list successfully - PASSED
2025-12-12 13:54:01,844 [INFO] Screenshot after first task saved: screenshots\test_create_list_and_add_tasks_first_task_added_20251212_135401.png
2025-12-12 13:54:01,845 [INFO] ============================================================
2025-12-12 13:54:01,845 [INFO] Step 5: Adding second task 'Pick up package from post office'...
2025-12-12 13:54:05,437 [INFO] Successfully added second task: 'Pick up package from post office'
2025-12-12 13:54:05,768 [INFO] Final test screenshot saved: screenshots\test_create_list_and_add_tasks_20251212_135405.png
2025-12-12 13:54:05,768 [INFO] ============================================================
2025-12-12 13:54:05,768 [INFO] TEST EXECUTION SUMMARY
2025-12-12 13:54:05,768 [INFO] ============================================================
2025-12-12 13:54:05,768 [INFO] \u2713 Step 1: Connected to Microsoft To Do - SUCCESS
2025-12-12 13:54:05,768 [INFO] \u2713 Step 2: Clicked 'New List' button - SUCCESS
2025-12-12 13:54:05,768 [INFO] \u2713 Step 3: Edited list name successfully - SUCCESS
2025-12-12 13:54:05,768 [INFO] \u2713 Step 4: Added first task successfully - SUCCESS
2025-12-12 13:54:05,768 [INFO] \u2713 Step 5: Added second task successfully - SUCCESS
2025-12-12 13:54:05,768 [INFO] ============================================================
2025-12-12 13:54:05,768 [INFO] OVERALL TEST RESULT: PASSED
2025-12-12 13:54:05,769 [INFO] ============================================================
2025-12-12 13:54:05,769 [INFO] All screenshots saved in 'screenshots' directory
2025-12-12 13:54:05,769 [INFO] Detailed log available in 'logs\todo_app_automation.log'
2025-12-12 13:54:05,770 [INFO] Test completed at 2025-12-12 13:54:05.770441
2025-12-12 13:54:05,771 [INFO] ============================================================

2025-12-12 14:01:58,568 [INFO] === System Configuration ===
2025-12-12 14:01:58,632 [INFO] OS: Windows 11
2025-12-12 14:01:58,632 [INFO] OS Version: 10.0.26100
2025-12-12 14:01:58,633 [INFO] Screen Resolution: 
2025-12-12 14:01:58,633 [INFO] Test Start Time: 2025-12-12 14:01:58.633475
2025-12-12 14:01:58,633 [INFO] ============================
2025-12-12 14:01:58,634 [INFO] Starting Microsoft To Do - Create List and Add Tasks Test
2025-12-12 14:01:58,634 [INFO] Target List Name: 'My Shopping List'
2025-12-12 14:01:58,634 [INFO] Task 1: 'Buy groceries for dinner'
2025-12-12 14:01:58,634 [INFO] Task 2: 'Pick up package from post office'
2025-12-12 14:01:58,635 [INFO] ============================================================
2025-12-12 14:01:58,635 [INFO] Step 1: Connecting to Microsoft To Do application...
2025-12-12 14:02:00,991 [INFO] Successfully connected to Microsoft To Do
2025-12-12 14:02:01,532 [INFO] Initial screenshot saved: screenshots\test_create_list_and_add_tasks_initial_20251212_140200.png
2025-12-12 14:02:01,533 [INFO] ============================================================
2025-12-12 14:02:01,533 [INFO] Step 2: Clicking on 'New List' button in left pane...
2025-12-12 14:02:03,568 [INFO] Successfully clicked 'New List' button (Method 1: AddListButton)
2025-12-12 14:02:04,012 [INFO] Screenshot after New List click saved: screenshots\test_create_list_and_add_tasks_new_list_clicked_20251212_140203.png
2025-12-12 14:02:04,013 [INFO] ============================================================
2025-12-12 14:02:04,013 [INFO] Step 3: Editing list name to 'My Shopping List'...
2025-12-12 14:02:08,550 [INFO] Successfully edited list name to 'My Shopping List'
2025-12-12 14:02:08,551 [INFO] EXPECTED RESULT VERIFIED: User can edit the name of list successfully - PASSED
2025-12-12 14:02:08,925 [INFO] Screenshot after list rename saved: screenshots\test_create_list_and_add_tasks_list_renamed_20251212_140208.png
2025-12-12 14:02:08,925 [INFO] ============================================================
2025-12-12 14:02:08,926 [INFO] Step 4: Adding first task 'Buy groceries for dinner'...
2025-12-12 14:02:12,617 [INFO] Successfully added first task: 'Buy groceries for dinner'
2025-12-12 14:02:12,618 [INFO] EXPECTED RESULT VERIFIED: User can add a to-do list successfully - PASSED
2025-12-12 14:02:12,969 [INFO] Screenshot after first task saved: screenshots\test_create_list_and_add_tasks_first_task_added_20251212_140212.png
2025-12-12 14:02:12,969 [INFO] ============================================================
2025-12-12 14:02:12,970 [INFO] Step 5: Adding second task 'Pick up package from post office'...
2025-12-12 14:02:16,836 [INFO] Successfully added second task: 'Pick up package from post office'
2025-12-12 14:02:17,270 [INFO] Final test screenshot saved: screenshots\test_create_list_and_add_tasks_20251212_140216.png
2025-12-12 14:02:17,271 [INFO] ============================================================
2025-12-12 14:02:17,272 [INFO] TEST EXECUTION SUMMARY
2025-12-12 14:02:17,272 [INFO] ============================================================
2025-12-12 14:02:17,273 [INFO] \u2713 Step 1: Connected to Microsoft To Do - SUCCESS
2025-12-12 14:02:17,273 [INFO] \u2713 Step 2: Clicked 'New List' button - SUCCESS
2025-12-12 14:02:17,273 [INFO] \u2713 Step 3: Edited list name successfully - SUCCESS
2025-12-12 14:02:17,274 [INFO] \u2713 Step 4: Added first task successfully - SUCCESS
2025-12-12 14:02:17,274 [INFO] \u2713 Step 5: Added second task successfully - SUCCESS
2025-12-12 14:02:17,274 [INFO] ============================================================
2025-12-12 14:02:17,275 [INFO] OVERALL TEST RESULT: PASSED
2025-12-12 14:02:17,275 [INFO] ============================================================
2025-12-12 14:02:17,275 [INFO] All screenshots saved in 'screenshots' directory
2025-12-12 14:02:17,276 [INFO] Detailed log available in 'c:\Users\v-doruganti\OneDrive - Microsoft\Documents\Windows_App_Automation\WinTest\logs\todo_app_automation.log'
2025-12-12 14:02:17,279 [INFO] Test completed at 2025-12-12 14:02:17.279743
2025-12-12 14:02:17,279 [INFO] ============================================================

2025-12-12 14:02:59,314 [INFO] === System Configuration ===
2025-12-12 14:02:59,370 [INFO] OS: Windows 11
2025-12-12 14:02:59,370 [INFO] OS Version: 10.0.26100
2025-12-12 14:02:59,371 [INFO] Screen Resolution: 
2025-12-12 14:02:59,371 [INFO] Test Start Time: 2025-12-12 14:02:59.371310
2025-12-12 14:02:59,371 [INFO] ============================
2025-12-12 14:02:59,371 [INFO] Starting Microsoft To Do - Create List and Add Tasks Test
2025-12-12 14:02:59,371 [INFO] Target List Name: 'My Shopping List'
2025-12-12 14:02:59,371 [INFO] Task 1: 'Buy groceries for dinner'
2025-12-12 14:02:59,371 [INFO] Task 2: 'Pick up package from post office'
2025-12-12 14:02:59,372 [INFO] ============================================================
2025-12-12 14:02:59,372 [INFO] Step 1: Connecting to Microsoft To Do application...
2025-12-12 14:03:01,914 [INFO] Successfully connected to Microsoft To Do
2025-12-12 14:03:02,312 [INFO] Initial screenshot saved: screenshots\test_create_list_and_add_tasks_initial_20251212_140301.png
2025-12-12 14:03:02,313 [INFO] ============================================================
2025-12-12 14:03:02,313 [INFO] Step 2: Clicking on 'New List' button in left pane...
2025-12-12 14:03:04,217 [INFO] Successfully clicked 'New List' button (Method 1: AddListButton)
2025-12-12 14:03:04,709 [INFO] Screenshot after New List click saved: screenshots\test_create_list_and_add_tasks_new_list_clicked_20251212_140304.png
2025-12-12 14:03:04,710 [INFO] ============================================================
2025-12-12 14:03:04,710 [INFO] Step 3: Editing list name to 'My Shopping List'...
2025-12-12 14:03:08,825 [INFO] Successfully edited list name to 'My Shopping List'
2025-12-12 14:03:08,826 [INFO] EXPECTED RESULT VERIFIED: User can edit the name of list successfully - PASSED
2025-12-12 14:03:09,175 [INFO] Screenshot after list rename saved: screenshots\test_create_list_and_add_tasks_list_renamed_20251212_140308.png
2025-12-12 14:03:09,176 [INFO] ============================================================
2025-12-12 14:03:09,176 [INFO] Step 4: Adding first task 'Buy groceries for dinner'...
2025-12-12 14:03:12,652 [INFO] Successfully added first task: 'Buy groceries for dinner'
2025-12-12 14:03:12,653 [INFO] EXPECTED RESULT VERIFIED: User can add a to-do list successfully - PASSED
2025-12-12 14:03:13,047 [INFO] Screenshot after first task saved: screenshots\test_create_list_and_add_tasks_first_task_added_20251212_140312.png
2025-12-12 14:03:13,048 [INFO] ============================================================
2025-12-12 14:03:13,048 [INFO] Step 5: Adding second task 'Pick up package from post office'...
2025-12-12 14:03:16,670 [INFO] Successfully added second task: 'Pick up package from post office'
2025-12-12 14:03:17,004 [INFO] Final test screenshot saved: screenshots\test_create_list_and_add_tasks_20251212_140316.png
2025-12-12 14:03:17,005 [INFO] ============================================================
2025-12-12 14:03:17,005 [INFO] TEST EXECUTION SUMMARY
2025-12-12 14:03:17,005 [INFO] ============================================================
2025-12-12 14:03:17,006 [INFO] \u2713 Step 1: Connected to Microsoft To Do - SUCCESS
2025-12-12 14:03:17,006 [INFO] \u2713 Step 2: Clicked 'New List' button - SUCCESS
2025-12-12 14:03:17,007 [INFO] \u2713 Step 3: Edited list name successfully - SUCCESS
2025-12-12 14:03:17,007 [INFO] \u2713 Step 4: Added first task successfully - SUCCESS
2025-12-12 14:03:17,007 [INFO] \u2713 Step 5: Added second task successfully - SUCCESS
2025-12-12 14:03:17,007 [INFO] ============================================================
2025-12-12 14:03:17,008 [INFO] OVERALL TEST RESULT: PASSED
2025-12-12 14:03:17,008 [INFO] ============================================================
2025-12-12 14:03:17,008 [INFO] All screenshots saved in 'screenshots' directory
2025-12-12 14:03:17,008 [INFO] Detailed log available in 'c:\Users\v-doruganti\OneDrive - Microsoft\Documents\Windows_App_Automation\WinTest\logs\todo_app_automation.log'
2025-12-12 14:03:17,009 [INFO] Test completed at 2025-12-12 14:03:17.009469
2025-12-12 14:03:17,009 [INFO] ============================================================

2025-12-12 14:03:17,869 [INFO] === System Configuration ===
2025-12-12 14:03:17,869 [INFO] OS: Windows 11
2025-12-12 14:03:17,869 [INFO] OS Version: 10.0.26100
2025-12-12 14:03:17,870 [INFO] Screen Resolution: 
2025-12-12 14:03:17,870 [INFO] Test Start Time: 2025-12-12 14:03:17.870160
2025-12-12 14:03:17,870 [INFO] ============================
2025-12-12 14:03:17,870 [INFO] Starting Microsoft To Do - Rename Existing List Test
2025-12-12 14:03:17,870 [INFO] Target List: 'Untitled list'
2025-12-12 14:03:17,870 [INFO] New Name: 'My Renamed Project'
2025-12-12 14:03:17,871 [INFO] ============================================================
2025-12-12 14:03:17,871 [INFO] Step 1: Connecting to Microsoft To Do application...
2025-12-12 14:03:20,489 [INFO] Successfully connected to Microsoft To Do
2025-12-12 14:03:20,812 [INFO] Initial screenshot saved: screenshots\test_rename_list_initial_20251212_140320.png
2025-12-12 14:03:20,812 [INFO] ============================================================
2025-12-12 14:03:20,813 [INFO] Step 2: Selecting list 'Untitled list' from sidebar...
2025-12-12 14:03:21,035 [WARNING] Attempt 1: Failed to select list: 'ListBox'
2025-12-12 14:03:22,293 [WARNING] Attempt 2: Failed to select list: 'ListBox'
2025-12-12 14:03:23,530 [WARNING] Attempt 3: Failed to select list: 'ListBox'
2025-12-12 14:03:24,530 [ERROR] Failed to select list after all retries
2025-12-12 14:03:24,531 [ERROR] ============================================================
2025-12-12 14:03:24,531 [ERROR] TEST EXECUTION FAILED
2025-12-12 14:03:24,531 [ERROR] ============================================================
2025-12-12 14:03:24,531 [ERROR] Error: Could not select list
2025-12-12 14:03:24,538 [ERROR] Traceback (most recent call last):
  File "c:\Users\v-doruganti\OneDrive - Microsoft\Documents\Windows_App_Automation\WinTest\Test Scripts\comprehensive_test_td.py", line 546, in test_rename_existing_list
    raise Exception("Could not select list")
Exception: Could not select list

2025-12-12 14:03:24,538 [ERROR] ============================================================
2025-12-12 14:03:25,009 [ERROR] Error screenshot saved: screenshots\test_rename_existing_list_error_20251212_140324.png
2025-12-12 14:03:25,011 [INFO] Test completed at 2025-12-12 14:03:25.010973
2025-12-12 14:03:25,011 [INFO] ============================================================

2025-12-12 14:04:53,313 [INFO] === System Configuration ===
2025-12-12 14:04:53,397 [INFO] OS: Windows 11
2025-12-12 14:04:53,398 [INFO] OS Version: 10.0.26100
2025-12-12 14:04:53,398 [INFO] Screen Resolution: 
2025-12-12 14:04:53,398 [INFO] Test Start Time: 2025-12-12 14:04:53.398453
2025-12-12 14:04:53,398 [INFO] ============================
2025-12-12 14:04:53,398 [INFO] Starting Microsoft To Do - Rename Existing List Test
2025-12-12 14:04:53,398 [INFO] Target List: 'My Shopping List'
2025-12-12 14:04:53,398 [INFO] New Name: 'My Renamed Project'
2025-12-12 14:04:53,399 [INFO] ============================================================
2025-12-12 14:04:53,399 [INFO] Step 1: Connecting to Microsoft To Do application...
2025-12-12 14:04:56,043 [INFO] Successfully connected to Microsoft To Do
2025-12-12 14:04:56,378 [INFO] Initial screenshot saved: screenshots\test_rename_list_initial_20251212_140456.png
2025-12-12 14:04:56,378 [INFO] ============================================================
2025-12-12 14:04:56,379 [INFO] Step 2: Selecting list 'My Shopping List' from sidebar...
2025-12-12 14:04:56,603 [WARNING] Attempt 1: Failed to select list: 'ListBox'
2025-12-12 14:04:57,859 [WARNING] Attempt 2: Failed to select list: 'ListBox'
2025-12-12 14:04:59,068 [WARNING] Attempt 3: Failed to select list: 'ListBox'
2025-12-12 14:05:00,105 [ERROR] Failed to select list after all retries
2025-12-12 14:05:00,106 [ERROR] ============================================================
2025-12-12 14:05:00,106 [ERROR] TEST EXECUTION FAILED
2025-12-12 14:05:00,106 [ERROR] ============================================================
2025-12-12 14:05:00,106 [ERROR] Error: Could not select list
2025-12-12 14:05:00,113 [ERROR] Traceback (most recent call last):
  File "c:\Users\v-doruganti\OneDrive - Microsoft\Documents\Windows_App_Automation\WinTest\Test Scripts\comprehensive_test_td.py", line 546, in test_rename_existing_list
    raise Exception("Could not select list")
Exception: Could not select list

2025-12-12 14:05:00,113 [ERROR] ============================================================
2025-12-12 14:05:00,643 [ERROR] Error screenshot saved: screenshots\test_rename_existing_list_error_20251212_140500.png
2025-12-12 14:05:00,645 [INFO] Test completed at 2025-12-12 14:05:00.645067
2025-12-12 14:05:00,645 [INFO] ============================================================

2025-12-12 14:06:35,521 [INFO] === System Configuration ===
2025-12-12 14:06:35,600 [INFO] OS: Windows 11
2025-12-12 14:06:35,601 [INFO] OS Version: 10.0.26100
2025-12-12 14:06:35,601 [INFO] Screen Resolution: 
2025-12-12 14:06:35,602 [INFO] Test Start Time: 2025-12-12 14:06:35.602307
2025-12-12 14:06:35,602 [INFO] ============================
2025-12-12 14:06:35,603 [INFO] Starting Microsoft To Do - Rename Existing List Test
2025-12-12 14:06:35,604 [INFO] Target List: 'My Shopping List'
2025-12-12 14:06:35,604 [INFO] New Name: 'My Renamed Project'
2025-12-12 14:06:35,605 [INFO] ============================================================
2025-12-12 14:06:35,606 [INFO] Step 1: Connecting to Microsoft To Do application...
2025-12-12 14:06:38,859 [INFO] Successfully connected to Microsoft To Do
2025-12-12 14:06:39,524 [INFO] Initial screenshot saved: screenshots\test_rename_list_initial_20251212_140638.png
2025-12-12 14:06:39,524 [INFO] ============================================================
2025-12-12 14:06:39,525 [INFO] Step 2: Selecting list 'My Shopping List' from sidebar...
2025-12-12 14:06:39,757 [WARNING] Attempt 1: Failed to select list: 'ListBox'
2025-12-12 14:06:40,972 [WARNING] Attempt 2: Failed to select list: 'ListBox'
2025-12-12 14:06:42,207 [WARNING] Attempt 3: Failed to select list: 'ListBox'
2025-12-12 14:06:43,209 [ERROR] Failed to select list after all retries
2025-12-12 14:06:43,210 [ERROR] ============================================================
2025-12-12 14:06:43,210 [ERROR] TEST EXECUTION FAILED
2025-12-12 14:06:43,211 [ERROR] ============================================================
2025-12-12 14:06:43,211 [ERROR] Error: Could not select list
2025-12-12 14:06:43,215 [ERROR] Traceback (most recent call last):
  File "c:\Users\v-doruganti\OneDrive - Microsoft\Documents\Windows_App_Automation\WinTest\Test Scripts\comprehensive_test_td.py", line 560, in test_rename_existing_list
    raise Exception("Could not select list")
Exception: Could not select list

2025-12-12 14:06:43,216 [ERROR] ============================================================
2025-12-12 14:06:43,684 [ERROR] Error screenshot saved: screenshots\test_rename_existing_list_error_20251212_140643.png
2025-12-12 14:06:43,686 [INFO] Test completed at 2025-12-12 14:06:43.686366
2025-12-12 14:06:43,687 [INFO] ============================================================

2025-12-12 14:09:40,964 [INFO] === System Configuration ===
2025-12-12 14:09:41,060 [INFO] OS: Windows 11
2025-12-12 14:09:41,060 [INFO] OS Version: 10.0.26100
2025-12-12 14:09:41,060 [INFO] Screen Resolution: 
2025-12-12 14:09:41,060 [INFO] Test Start Time: 2025-12-12 14:09:41.060814
2025-12-12 14:09:41,060 [INFO] ============================
2025-12-12 14:09:41,060 [INFO] Starting Microsoft To Do - Rename Existing List Test
2025-12-12 14:09:41,061 [INFO] Target List: 'My Shopping List'
2025-12-12 14:09:41,061 [INFO] New Name: 'My Renamed Project'
2025-12-12 14:09:41,061 [INFO] ============================================================
2025-12-12 14:09:41,062 [INFO] Step 1: Connecting to Microsoft To Do application...
2025-12-12 14:09:44,320 [INFO] Successfully connected to Microsoft To Do
2025-12-12 14:09:44,760 [INFO] Initial screenshot saved: screenshots\test_rename_list_initial_20251212_140944.png
2025-12-12 14:09:44,760 [INFO] ============================================================
2025-12-12 14:09:44,760 [INFO] Step 2: Selecting list 'My Shopping List' from sidebar...
2025-12-12 14:09:45,013 [WARNING] Attempt 1: Failed to select list: 'ListBox'
2025-12-12 14:09:46,244 [WARNING] Attempt 2: Failed to select list: 'ListBox'
2025-12-12 14:09:47,475 [WARNING] Attempt 3: Failed to select list: 'ListBox'
2025-12-12 14:09:48,475 [ERROR] Failed to select list after all retries
2025-12-12 14:09:48,475 [ERROR] ============================================================
2025-12-12 14:09:48,475 [ERROR] TEST EXECUTION FAILED
2025-12-12 14:09:48,475 [ERROR] ============================================================
2025-12-12 14:09:48,476 [ERROR] Error: Could not select list
2025-12-12 14:09:48,479 [ERROR] Traceback (most recent call last):
  File "c:\Users\v-doruganti\OneDrive - Microsoft\Documents\Windows_App_Automation\WinTest\Test Scripts\comprehensive_test_td.py", line 560, in test_rename_existing_list
    raise Exception("Could not select list")
Exception: Could not select list

2025-12-12 14:09:48,480 [ERROR] ============================================================
2025-12-12 14:09:48,853 [ERROR] Error screenshot saved: screenshots\test_rename_existing_list_error_20251212_140948.png
2025-12-12 14:09:48,855 [INFO] Test completed at 2025-12-12 14:09:48.854998
2025-12-12 14:09:48,855 [INFO] ============================================================

2025-12-12 14:10:50,771 [INFO] === System Configuration ===
2025-12-12 14:10:50,875 [INFO] OS: Windows 11
2025-12-12 14:10:50,875 [INFO] OS Version: 10.0.26100
2025-12-12 14:10:50,876 [INFO] Screen Resolution: 
2025-12-12 14:10:50,876 [INFO] Test Start Time: 2025-12-12 14:10:50.876576
2025-12-12 14:10:50,877 [INFO] ============================
2025-12-12 14:10:50,877 [INFO] Starting Microsoft To Do - Rename Existing List Test
2025-12-12 14:10:50,877 [INFO] Target List: 'My Shopping List'
2025-12-12 14:10:50,877 [INFO] New Name: 'My Renamed Project'
2025-12-12 14:10:50,878 [INFO] ============================================================
2025-12-12 14:10:50,878 [INFO] Step 1: Connecting to Microsoft To Do application...
2025-12-12 14:10:54,062 [INFO] Successfully connected to Microsoft To Do
2025-12-12 14:10:54,422 [INFO] Initial screenshot saved: screenshots\test_rename_list_initial_20251212_141054.png
2025-12-12 14:10:54,422 [INFO] ============================================================
2025-12-12 14:10:54,423 [INFO] Step 2: Selecting list 'My Shopping List' from sidebar...
2025-12-12 14:10:54,687 [WARNING] Attempt 1: Failed to select list: 'ListBox'
2025-12-12 14:10:56,895 [WARNING] Attempt 2: Failed to select list: 'ListBox'
2025-12-12 14:10:59,015 [WARNING] Attempt 3: Failed to select list: 'ListBox'
2025-12-12 14:10:59,015 [ERROR] Failed to select list after all retries
2025-12-12 14:10:59,016 [ERROR] ============================================================
2025-12-12 14:10:59,016 [ERROR] TEST EXECUTION FAILED
2025-12-12 14:10:59,016 [ERROR] ============================================================
2025-12-12 14:10:59,016 [ERROR] Error: Could not select list
2025-12-12 14:10:59,018 [ERROR] Traceback (most recent call last):
  File "c:\Users\v-doruganti\OneDrive - Microsoft\Documents\Windows_App_Automation\WinTest\Test Scripts\comprehensive_test_td.py", line 566, in test_rename_existing_list
    raise Exception("Could not select list")
Exception: Could not select list

2025-12-12 14:10:59,019 [ERROR] ============================================================
2025-12-12 14:10:59,356 [ERROR] Error screenshot saved: screenshots\test_rename_existing_list_error_20251212_141059.png
2025-12-12 14:10:59,357 [INFO] Test completed at 2025-12-12 14:10:59.357005
2025-12-12 14:10:59,357 [INFO] ============================================================

2025-12-12 14:13:00,805 [INFO] === System Configuration ===
2025-12-12 14:13:00,972 [INFO] OS: Windows 11
2025-12-12 14:13:00,973 [INFO] OS Version: 10.0.26100
2025-12-12 14:13:00,973 [INFO] Screen Resolution: 
2025-12-12 14:13:00,974 [INFO] Test Start Time: 2025-12-12 14:13:00.974483
2025-12-12 14:13:00,974 [INFO] ============================
2025-12-12 14:13:00,975 [INFO] Starting Microsoft To Do - Rename Existing List Test
2025-12-12 14:13:00,975 [INFO] Target List: 'My Shopping List'
2025-12-12 14:13:00,976 [INFO] New Name: 'My Renamed Project'
2025-12-12 14:13:00,977 [INFO] ============================================================
2025-12-12 14:13:00,978 [INFO] Step 1: Connecting to Microsoft To Do application...
2025-12-12 14:13:04,889 [INFO] Successfully connected to Microsoft To Do
2025-12-12 14:13:05,421 [INFO] Initial screenshot saved: screenshots\test_rename_list_initial_20251212_141304.png
2025-12-12 14:13:05,422 [INFO] ============================================================
2025-12-12 14:13:05,423 [INFO] Step 2: Selecting list 'My Shopping List' from sidebar...
2025-12-12 14:13:05,799 [WARNING] Attempt 1: Failed to select list: 'ListBox'
2025-12-12 14:13:08,055 [WARNING] Attempt 2: Failed to select list: 'ListBox'
2025-12-12 14:13:10,274 [WARNING] Attempt 3: Failed to select list: 'ListBox'
2025-12-12 14:13:10,275 [ERROR] Failed to select list after all retries
2025-12-12 14:13:10,275 [ERROR] ============================================================
2025-12-12 14:13:10,275 [ERROR] TEST EXECUTION FAILED
2025-12-12 14:13:10,275 [ERROR] ============================================================
2025-12-12 14:13:10,275 [ERROR] Error: Could not select list
2025-12-12 14:13:10,296 [ERROR] Traceback (most recent call last):
  File "c:\Users\v-doruganti\OneDrive - Microsoft\Documents\Windows_App_Automation\WinTest\Test Scripts\comprehensive_test_td.py", line 566, in test_rename_existing_list
    raise Exception("Could not select list")
Exception: Could not select list

2025-12-12 14:13:10,297 [ERROR] ============================================================
2025-12-12 14:13:10,602 [ERROR] Error screenshot saved: screenshots\test_rename_existing_list_error_20251212_141310.png
2025-12-12 14:13:10,604 [INFO] Test completed at 2025-12-12 14:13:10.604149
2025-12-12 14:13:10,604 [INFO] ============================================================

2025-12-12 14:13:16,053 [INFO] === System Configuration ===
2025-12-12 14:13:16,106 [INFO] OS: Windows 11
2025-12-12 14:13:16,107 [INFO] OS Version: 10.0.26100
2025-12-12 14:13:16,108 [INFO] Screen Resolution: 
2025-12-12 14:13:16,108 [INFO] Test Start Time: 2025-12-12 14:13:16.108485
2025-12-12 14:13:16,108 [INFO] ============================
2025-12-12 14:13:16,108 [INFO] Starting Microsoft To Do - Rename Existing List Test
2025-12-12 14:13:16,108 [INFO] Target List: 'My Shopping List'
2025-12-12 14:13:16,109 [INFO] New Name: 'My Renamed Project'
2025-12-12 14:13:16,109 [INFO] ============================================================
2025-12-12 14:13:16,109 [INFO] Step 1: Connecting to Microsoft To Do application...
2025-12-12 14:13:19,241 [INFO] Successfully connected to Microsoft To Do
2025-12-12 14:13:19,687 [INFO] Initial screenshot saved: screenshots\test_rename_list_initial_20251212_141319.png
2025-12-12 14:13:19,687 [INFO] ============================================================
2025-12-12 14:13:19,687 [INFO] Step 2: Selecting list 'My Shopping List' from sidebar...
2025-12-12 14:13:19,872 [WARNING] Attempt 1: Failed to select list: 'ListBox'
2025-12-12 14:13:22,142 [WARNING] Attempt 2: Failed to select list: 'ListBox'
2025-12-12 14:13:24,432 [WARNING] Attempt 3: Failed to select list: 'ListBox'
2025-12-12 14:13:24,433 [ERROR] Failed to select list after all retries
2025-12-12 14:13:24,433 [ERROR] ============================================================
2025-12-12 14:13:24,433 [ERROR] TEST EXECUTION FAILED
2025-12-12 14:13:24,433 [ERROR] ============================================================
2025-12-12 14:13:24,433 [ERROR] Error: Could not select list
2025-12-12 14:13:24,435 [ERROR] Traceback (most recent call last):
  File "c:\Users\v-doruganti\OneDrive - Microsoft\Documents\Windows_App_Automation\WinTest\Test Scripts\comprehensive_test_td.py", line 566, in test_rename_existing_list
    raise Exception("Could not select list")
Exception: Could not select list

2025-12-12 14:13:24,436 [ERROR] ============================================================
2025-12-12 14:13:24,953 [ERROR] Error screenshot saved: screenshots\test_rename_existing_list_error_20251212_141324.png
2025-12-12 14:13:24,955 [INFO] Test completed at 2025-12-12 14:13:24.955098
2025-12-12 14:13:24,955 [INFO] ============================================================

2025-12-12 14:16:24,131 [INFO] === System Configuration ===
2025-12-12 14:16:24,192 [INFO] OS: Windows 11
2025-12-12 14:16:24,192 [INFO] OS Version: 10.0.26100
2025-12-12 14:16:24,192 [INFO] Screen Resolution: 
2025-12-12 14:16:24,192 [INFO] Test Start Time: 2025-12-12 14:16:24.192761
2025-12-12 14:16:24,193 [INFO] ============================
2025-12-12 14:16:24,193 [INFO] Starting Microsoft To Do - Rename Existing List Test
2025-12-12 14:16:24,193 [INFO] Target List: 'Untitled list'
2025-12-12 14:16:24,193 [INFO] New Name: 'My Renamed Project'
2025-12-12 14:16:24,193 [INFO] ============================================================
2025-12-12 14:16:24,194 [INFO] Step 1: Connecting to Microsoft To Do application...
2025-12-12 14:16:27,069 [INFO] Successfully connected to Microsoft To Do
2025-12-12 14:16:27,580 [INFO] Initial screenshot saved: screenshots\test_rename_list_initial_20251212_141627.png
2025-12-12 14:16:27,580 [INFO] ============================================================
2025-12-12 14:16:27,581 [INFO] Step 2: Selecting list 'Untitled list' from sidebar...
2025-12-12 14:16:27,715 [WARNING] Attempt 1: Failed to select list: 'ListBox'
2025-12-12 14:16:29,842 [WARNING] Attempt 2: Failed to select list: 'ListBox'
2025-12-12 14:16:32,086 [WARNING] Attempt 3: Failed to select list: 'ListBox'
2025-12-12 14:16:32,087 [ERROR] Failed to select list after all retries
2025-12-12 14:16:32,088 [ERROR] ============================================================
2025-12-12 14:16:32,089 [ERROR] TEST EXECUTION FAILED
2025-12-12 14:16:32,090 [ERROR] ============================================================
2025-12-12 14:16:32,091 [ERROR] Error: Could not select list
2025-12-12 14:16:32,158 [ERROR] Traceback (most recent call last):
  File "c:\Users\v-doruganti\OneDrive - Microsoft\Documents\Windows_App_Automation\WinTest\Test Scripts\comprehensive_test_td.py", line 566, in test_rename_existing_list
    raise Exception("Could not select list")
Exception: Could not select list

2025-12-12 14:16:32,158 [ERROR] ============================================================
2025-12-12 14:16:32,390 [ERROR] Error screenshot saved: screenshots\test_rename_existing_list_error_20251212_141632.png
2025-12-12 14:16:32,392 [INFO] Test completed at 2025-12-12 14:16:32.392185
2025-12-12 14:16:32,393 [INFO] ============================================================

2025-12-12 14:17:27,559 [INFO] === System Configuration ===
2025-12-12 14:17:27,639 [INFO] OS: Windows 11
2025-12-12 14:17:27,639 [INFO] OS Version: 10.0.26100
2025-12-12 14:17:27,639 [INFO] Screen Resolution: 
2025-12-12 14:17:27,639 [INFO] Test Start Time: 2025-12-12 14:17:27.639811
2025-12-12 14:17:27,639 [INFO] ============================
2025-12-12 14:17:27,640 [INFO] Starting Microsoft To Do - Rename Existing List Test
2025-12-12 14:17:27,640 [INFO] Target List: 'Untitled list'
2025-12-12 14:17:27,640 [INFO] New Name: 'My Renamed Project'
2025-12-12 14:17:27,640 [INFO] ============================================================
2025-12-12 14:17:27,640 [INFO] Step 1: Connecting to Microsoft To Do application...
2025-12-12 14:17:30,395 [INFO] Successfully connected to Microsoft To Do
2025-12-12 14:17:30,688 [INFO] Initial screenshot saved: screenshots\test_rename_list_initial_20251212_141730.png
2025-12-12 14:17:30,688 [INFO] ============================================================
2025-12-12 14:17:30,689 [INFO] Step 2: Selecting list 'Untitled list' from sidebar...
2025-12-12 14:17:30,814 [WARNING] Attempt 1: Failed to select list: 'ListBox'
2025-12-12 14:17:32,935 [WARNING] Attempt 2: Failed to select list: 'ListBox'
2025-12-12 14:17:35,104 [WARNING] Attempt 3: Failed to select list: 'ListBox'
2025-12-12 14:17:35,105 [ERROR] Failed to select list after all retries
2025-12-12 14:17:35,105 [ERROR] ============================================================
2025-12-12 14:17:35,105 [ERROR] TEST EXECUTION FAILED
2025-12-12 14:17:35,105 [ERROR] ============================================================
2025-12-12 14:17:35,105 [ERROR] Error: Could not select list
2025-12-12 14:17:35,107 [ERROR] Traceback (most recent call last):
  File "c:\Users\v-doruganti\OneDrive - Microsoft\Documents\Windows_App_Automation\WinTest\Test Scripts\comprehensive_test_td.py", line 566, in test_rename_existing_list
    raise Exception("Could not select list")
Exception: Could not select list

2025-12-12 14:17:35,108 [ERROR] ============================================================
2025-12-12 14:17:35,306 [ERROR] Error screenshot saved: screenshots\test_rename_existing_list_error_20251212_141735.png
2025-12-12 14:17:35,308 [INFO] Test completed at 2025-12-12 14:17:35.308518
2025-12-12 14:17:35,309 [INFO] ============================================================

2025-12-12 14:18:28,797 [INFO] === System Configuration ===
2025-12-12 14:18:28,863 [INFO] OS: Windows 11
2025-12-12 14:18:28,863 [INFO] OS Version: 10.0.26100
2025-12-12 14:18:28,863 [INFO] Screen Resolution: 
2025-12-12 14:18:28,863 [INFO] Test Start Time: 2025-12-12 14:18:28.863703
2025-12-12 14:18:28,863 [INFO] ============================
2025-12-12 14:18:28,863 [INFO] Starting Microsoft To Do - Rename Existing List Test
2025-12-12 14:18:28,864 [INFO] Target List: 'Untitled list'
2025-12-12 14:18:28,864 [INFO] New Name: 'My Renamed Project'
2025-12-12 14:18:28,865 [INFO] ============================================================
2025-12-12 14:18:28,865 [INFO] Step 1: Connecting to Microsoft To Do application...
2025-12-12 14:18:31,864 [INFO] Successfully connected to Microsoft To Do
2025-12-12 14:18:32,136 [INFO] Initial screenshot saved: screenshots\test_rename_list_initial_20251212_141831.png
2025-12-12 14:18:32,136 [INFO] ============================================================
2025-12-12 14:18:32,136 [INFO] Step 2: Selecting list 'Untitled list' from sidebar...
2025-12-12 14:18:32,306 [INFO] Found 11 list items total
2025-12-12 14:18:32,307 [INFO] Checking list item: 'My Day, more options available'
2025-12-12 14:18:32,308 [INFO] Checking list item: 'Important, more options available'
2025-12-12 14:18:32,310 [INFO] Checking list item: 'Planned, more options available'
2025-12-12 14:18:32,311 [INFO] Checking list item: 'Assigned to me, more options available'
2025-12-12 14:18:32,312 [INFO] Checking list item: 'Flagged email, more options available'
2025-12-12 14:18:32,313 [INFO] Checking list item: 'Tasks, more options available'
2025-12-12 14:18:32,314 [INFO] Checking list item: 'Separator between smart lists and custom lists'
2025-12-12 14:18:32,316 [INFO] Checking list item: 'Untitled list, more options available'
2025-12-12 14:18:32,316 [INFO] Found matching list: 'Untitled list, more options available'
2025-12-12 14:18:32,319 [INFO] About to right-click on list item at position x=3, y=585
2025-12-12 14:18:33,943 [INFO] Successfully right-clicked on list: 'Untitled list'
2025-12-12 14:18:34,386 [INFO] Screenshot after right-click (context menu) saved: screenshots\test_rename_list_context_menu_20251212_141833.png
2025-12-12 14:18:34,387 [INFO] ============================================================
2025-12-12 14:18:34,387 [INFO] Step 3: Clicking 'Rename list' option...
2025-12-12 14:18:35,119 [INFO] Found rename option: 'Rename list'
2025-12-12 14:18:36,242 [INFO] Successfully clicked 'Rename list' option
2025-12-12 14:18:36,540 [INFO] Screenshot after rename click saved: screenshots\test_rename_list_rename_clicked_20251212_141836.png
2025-12-12 14:18:36,541 [INFO] ============================================================
2025-12-12 14:18:36,541 [INFO] Step 4: Entering new list name 'My Renamed Project'...
2025-12-12 14:18:42,136 [WARNING] Attempt 1: Failed to rename list: {'auto_id': 'Editor', 'control_type': 'Edit', 'top_level_only': False, 'parent': <uia_element_info.UIAElementInfo - 'Microsoft To Do', ApplicationFrameWindow, 16649156>, 'backend': 'uia'}
2025-12-12 14:18:42,137 [INFO] Attempting fallback method for renaming...
2025-12-12 14:18:46,185 [INFO] List renamed using fallback method
2025-12-12 14:18:46,185 [INFO] EXPECTED RESULT VERIFIED: List should be renamed successfully - PASSED
2025-12-12 14:18:46,420 [INFO] Final test screenshot saved: screenshots\test_rename_existing_list_20251212_141846.png
2025-12-12 14:18:46,421 [INFO] ============================================================
2025-12-12 14:18:46,421 [INFO] TEST EXECUTION SUMMARY
2025-12-12 14:18:46,421 [INFO] ============================================================
2025-12-12 14:18:46,421 [INFO] \u2713 Step 1: Connected to Microsoft To Do - SUCCESS
2025-12-12 14:18:46,421 [INFO] \u2713 Step 2: Selected existing list - SUCCESS
2025-12-12 14:18:46,421 [INFO] \u2713 Step 3: Opened list options menu - SUCCESS
2025-12-12 14:18:46,421 [INFO] \u2713 Step 4: Clicked 'Rename list' option - SUCCESS
2025-12-12 14:18:46,422 [INFO] \u2713 Step 5: Renamed list successfully - SUCCESS
2025-12-12 14:18:46,422 [INFO] ============================================================
2025-12-12 14:18:46,422 [INFO] OVERALL TEST RESULT: PASSED
2025-12-12 14:18:46,422 [INFO] ============================================================
2025-12-12 14:18:46,422 [INFO] All screenshots saved in 'screenshots' directory
2025-12-12 14:18:46,422 [INFO] Detailed log available in 'C:\Users\v-doruganti\OneDrive - Microsoft\Documents\Windows_App_Automation\WinTest\logs\todo_app_automation.log'
2025-12-12 14:18:46,424 [INFO] Test completed at 2025-12-12 14:18:46.424397
2025-12-12 14:18:46,424 [INFO] ============================================================

2025-12-12 14:21:01,980 [INFO] === System Configuration ===
2025-12-12 14:21:02,045 [INFO] OS: Windows 11
2025-12-12 14:21:02,046 [INFO] OS Version: 10.0.26100
2025-12-12 14:21:02,046 [INFO] Screen Resolution: 
2025-12-12 14:21:02,046 [INFO] Test Start Time: 2025-12-12 14:21:02.046834
2025-12-12 14:21:02,047 [INFO] ============================
2025-12-12 14:21:02,047 [INFO] Starting Microsoft To Do - Rename Existing List Test
2025-12-12 14:21:02,047 [INFO] Target List: 'Untitled list'
2025-12-12 14:21:02,047 [INFO] New Name: 'My Renamed Project'
2025-12-12 14:21:02,048 [INFO] ============================================================
2025-12-12 14:21:02,048 [INFO] Step 1: Connecting to Microsoft To Do application...
2025-12-12 14:21:04,751 [INFO] Successfully connected to Microsoft To Do
2025-12-12 14:21:05,040 [INFO] Initial screenshot saved: screenshots\test_rename_list_initial_20251212_142104.png
2025-12-12 14:21:05,040 [INFO] ============================================================
2025-12-12 14:21:05,040 [INFO] Step 2: Selecting list 'Untitled list' from sidebar...
2025-12-12 14:21:05,234 [INFO] Found 9 list items total
2025-12-12 14:21:05,235 [INFO] Checking list item: 'My Day, more options available'
2025-12-12 14:21:05,235 [INFO] Checking list item: 'Important, more options available'
2025-12-12 14:21:05,236 [INFO] Checking list item: 'Planned, more options available'
2025-12-12 14:21:05,236 [INFO] Checking list item: 'Assigned to me, more options available'
2025-12-12 14:21:05,236 [INFO] Checking list item: 'Flagged email, more options available'
2025-12-12 14:21:05,237 [INFO] Checking list item: 'Tasks, more options available'
2025-12-12 14:21:05,237 [INFO] Checking list item: 'Separator between smart lists and custom lists'
2025-12-12 14:21:05,237 [INFO] Checking list item: 'Untitled list, more options available'
2025-12-12 14:21:05,237 [INFO] Found matching list: 'Untitled list, more options available'
2025-12-12 14:21:05,238 [INFO] About to right-click on list item at position x=3, y=585
2025-12-12 14:21:06,854 [INFO] Successfully right-clicked on list: 'Untitled list'
2025-12-12 14:21:07,097 [INFO] Screenshot after right-click (context menu) saved: screenshots\test_rename_list_context_menu_20251212_142106.png
2025-12-12 14:21:07,098 [INFO] ============================================================
2025-12-12 14:21:07,098 [INFO] Step 3: Clicking 'Rename list' option...
2025-12-12 14:21:07,797 [INFO] Found rename option: 'Rename list'
2025-12-12 14:21:08,921 [INFO] Successfully clicked 'Rename list' option
2025-12-12 14:21:09,198 [INFO] Screenshot after rename click saved: screenshots\test_rename_list_rename_clicked_20251212_142108.png
2025-12-12 14:21:09,198 [INFO] ============================================================
2025-12-12 14:21:09,198 [INFO] Step 4: Entering new list name 'My Renamed Project'...
2025-12-12 14:21:13,563 [INFO] Successfully renamed list to 'My Renamed Project'
2025-12-12 14:21:13,563 [INFO] EXPECTED RESULT VERIFIED: List should be renamed successfully - PASSED
2025-12-12 14:21:13,820 [INFO] Final test screenshot saved: screenshots\test_rename_existing_list_20251212_142113.png
2025-12-12 14:21:13,820 [INFO] ============================================================
2025-12-12 14:21:13,820 [INFO] TEST EXECUTION SUMMARY
2025-12-12 14:21:13,820 [INFO] ============================================================
2025-12-12 14:21:13,820 [INFO] \u2713 Step 1: Connected to Microsoft To Do - SUCCESS
2025-12-12 14:21:13,820 [INFO] \u2713 Step 2: Selected existing list - SUCCESS
2025-12-12 14:21:13,820 [INFO] \u2713 Step 3: Opened list options menu - SUCCESS
2025-12-12 14:21:13,820 [INFO] \u2713 Step 4: Clicked 'Rename list' option - SUCCESS
2025-12-12 14:21:13,820 [INFO] \u2713 Step 5: Renamed list successfully - SUCCESS
2025-12-12 14:21:13,820 [INFO] ============================================================
2025-12-12 14:21:13,820 [INFO] OVERALL TEST RESULT: PASSED
2025-12-12 14:21:13,820 [INFO] ============================================================
2025-12-12 14:21:13,820 [INFO] All screenshots saved in 'screenshots' directory
2025-12-12 14:21:13,820 [INFO] Detailed log available in 'C:\Users\v-doruganti\OneDrive - Microsoft\Documents\Windows_App_Automation\WinTest\logs\todo_app_automation.log'
2025-12-12 14:21:13,823 [INFO] Test completed at 2025-12-12 14:21:13.822966
2025-12-12 14:21:13,823 [INFO] ============================================================

2025-12-12 14:23:19,067 [INFO] === System Configuration ===
2025-12-12 14:23:19,138 [INFO] OS: Windows 11
2025-12-12 14:23:19,138 [INFO] OS Version: 10.0.26100
2025-12-12 14:23:19,138 [INFO] Screen Resolution: 
2025-12-12 14:23:19,138 [INFO] Test Start Time: 2025-12-12 14:23:19.138494
2025-12-12 14:23:19,138 [INFO] ============================
2025-12-12 14:23:19,138 [INFO] Starting Microsoft To Do - Rename Existing List Test
2025-12-12 14:23:19,138 [INFO] Target List: 'Untitled list'
2025-12-12 14:23:19,138 [INFO] New Name: 'My Renamed Project'
2025-12-12 14:23:19,138 [INFO] ============================================================
2025-12-12 14:23:19,139 [INFO] Step 1: Connecting to Microsoft To Do application...
2025-12-12 14:23:21,945 [INFO] Successfully connected to Microsoft To Do
2025-12-12 14:23:22,282 [INFO] Initial screenshot saved: screenshots\test_rename_list_initial_20251212_142321.png
2025-12-12 14:23:22,282 [INFO] ============================================================
2025-12-12 14:23:22,282 [INFO] Step 2: Selecting list 'Untitled list' from sidebar...
2025-12-12 14:23:22,438 [INFO] Found 9 list items total
2025-12-12 14:23:22,439 [INFO] Checking list item: 'My Day, more options available'
2025-12-12 14:23:22,441 [INFO] Checking list item: 'Important, more options available'
2025-12-12 14:23:22,442 [INFO] Checking list item: 'Planned, more options available'
2025-12-12 14:23:22,442 [INFO] Checking list item: 'Assigned to me, more options available'
2025-12-12 14:23:22,443 [INFO] Checking list item: 'Flagged email, more options available'
2025-12-12 14:23:22,443 [INFO] Checking list item: 'Tasks, more options available'
2025-12-12 14:23:22,443 [INFO] Checking list item: 'Separator between smart lists and custom lists'
2025-12-12 14:23:22,444 [INFO] Checking list item: 'Untitled list, more options available'
2025-12-12 14:23:22,444 [INFO] Found matching list: 'Untitled list, more options available'
2025-12-12 14:23:22,444 [INFO] About to right-click on list item at position x=3, y=585
2025-12-12 14:23:24,068 [INFO] Successfully right-clicked on list: 'Untitled list'
2025-12-12 14:23:24,272 [INFO] Screenshot after right-click (context menu) saved: screenshots\test_rename_list_context_menu_20251212_142324.png
2025-12-12 14:23:24,272 [INFO] ============================================================
2025-12-12 14:23:24,272 [INFO] Step 3: Clicking 'Rename list' option...
2025-12-12 14:23:24,977 [INFO] Found rename option: 'Rename list'
2025-12-12 14:23:26,104 [INFO] Successfully clicked 'Rename list' option
2025-12-12 14:23:26,335 [INFO] Screenshot after rename click saved: screenshots\test_rename_list_rename_clicked_20251212_142326.png
2025-12-12 14:23:26,335 [INFO] ============================================================
2025-12-12 14:23:26,335 [INFO] Step 4: Entering new list name 'My Renamed Project'...
2025-12-12 14:23:27,511 [WARNING] Attempt 1: Failed to rename list: IUIA.build_condition() got an unexpected keyword argument 'auto_id'
2025-12-12 14:23:29,661 [WARNING] Attempt 2: Failed to rename list: IUIA.build_condition() got an unexpected keyword argument 'auto_id'
2025-12-12 14:23:31,805 [WARNING] Attempt 3: Failed to rename list: IUIA.build_condition() got an unexpected keyword argument 'auto_id'
2025-12-12 14:23:32,806 [ERROR] Failed to rename list after all retries
2025-12-12 14:23:32,806 [ERROR] EXPECTED RESULT: List should be renamed successfully - FAILED
2025-12-12 14:23:32,806 [ERROR] ============================================================
2025-12-12 14:23:32,807 [ERROR] TEST EXECUTION FAILED
2025-12-12 14:23:32,807 [ERROR] ============================================================
2025-12-12 14:23:32,807 [ERROR] Error: Could not rename list
2025-12-12 14:23:32,812 [ERROR] Traceback (most recent call last):
  File "C:\Users\v-doruganti\OneDrive - Microsoft\Documents\Windows_App_Automation\WinTest\Test Scripts\comprehensive_test_td.py", line 698, in test_rename_existing_list
    raise Exception("Could not rename list")
Exception: Could not rename list

2025-12-12 14:23:32,813 [ERROR] ============================================================
2025-12-12 14:23:33,071 [ERROR] Error screenshot saved: screenshots\test_rename_existing_list_error_20251212_142332.png
2025-12-12 14:23:33,073 [INFO] Test completed at 2025-12-12 14:23:33.072994
2025-12-12 14:23:33,073 [INFO] ============================================================

